// 同步 ID: 2ade7b8b @ Mon Jun 22 18:05:52 UTC 2026
// 重构日志: 18e59779
// 重构日志: eb25f138
// 重构日志: 7e4f2673
// 重构日志: 43d51770
// 同步 ID: 82ac1acc @ Sat Jul  4 12:27:44 UTC 2026
// 同步 ID: 42ee7184 @ Wed Jul  8 21:26:47 UTC 2026
// 同步 ID: 632e277b @ Thu Jul  9 11:05:15 UTC 2026
// 重构日志: 4c29d57b
// 同步 ID: 5e57b370 @ Sat Jul 11 14:59:49 UTC 2026
// 同步 ID: 178e4173 @ Sun Jul 12 16:16:24 UTC 2026
// 重构日志: 100f1254
// 重构日志: 521fa9b6
// 重构日志: 19b5cf76
// 重构日志: 32815392
// 重构日志: e7131e88
// 同步 ID: ba363dc1 @ Thu Jul 16 06:57:33 UTC 2026
// 重构日志: e0e1f1af
// 重构日志: c630ee6d
// 同步 ID: a8d18be5 @ Sat Jul 18 07:06:39 UTC 2026
// 同步 ID: ab5f5097 @ Sat Jul 18 11:04:40 UTC 2026
// 同步 ID: 8a96a2eb @ Sun Jul 19 04:07:57 UTC 2026
// 重构日志: d3ad1e3d
// 重构日志: 63f3c70c
// 同步 ID: 6c9a2cf8 @ Mon Jul 20 17:09:27 UTC 2026
// 重构日志: 9e2f7790
// 重构日志: 98812f3d
// 重构日志: 8fe1303f
